NSGT (New SGTree)
v0.3, January 2023
fschulz@lbl.gov
Wed Aug 16 08:12:50 PM PDT 2023
models: resources/models/GVOG9.hmm
query dir: example
tmethod: "fasttree" 
rfaadir: ""
hmmsearch_cutoff: "-E 1e-10"  
hmmsearch_cpu: "24"
minmarker: "0.7" 
maxsdup: "4"  
maxdupl: "0.3" 
extract_processes: "8"
ft_proteintrees: "-spr 4 -mlacc 3 -slownni -lg" 
ft_speciestree: "-spr 4 -mlacc 3 -slownni -lg" 
iq_proteintrees: "LG+F+I+G4" 
iq_speciestree: "LG+F+I+G4" 
mafft_thread: "--thread 4" 
mafftv: "" 
mafft: "" 
trimal_gt: "-gt 0.1" 
hmmsearch --noali -E 1e-10 --domtblout  example/nsgt_out/example--GVOG9-iqtree-perc7/analyses/hmmout/GVOG9.out --cpu 24 resources/models/GVOG9.hmm example/nsgt_out/example--GVOG9-iqtree-perc7/analyses/tmp/merged.faa
# hmmsearch :: search profile(s) against a sequence database
# HMMER 3.3.2 (Nov 2020); http://hmmer.org/
# Copyright (C) 2020 Howard Hughes Medical Institute.
# Freely distributed under the BSD open source license.
# - - - - - - - - - - - - - - - - - - - - - - - - - - - - - - - - - - - -
# query HMM file:                  resources/models/GVOG9.hmm
# target sequence database:        example/nsgt_out/example--GVOG9-iqtree-perc7/analyses/tmp/merged.faa
# per-dom hits tabular output:     example/nsgt_out/example--GVOG9-iqtree-perc7/analyses/hmmout/GVOG9.out
# show alignments in output:       no
# sequence reporting threshold:    E-value <= 1e-10
# number of worker threads:        24
# - - - - - - - - - - - - - - - - - - - - - - - - - - - - - - - - - - - -

Query:       GVOGm0003  [M=393]
Scores for complete sequences (score includes all domains):
   --- full sequence ---   --- best 1 domain ---    -#dom-
    E-value  score  bias    E-value  score  bias    exp  N  Sequence Description
    ------- ------ -----    ------- ------ -----   ---- --  -------- -----------

   [No hits detected that satisfy reporting thresholds]


Domain annotation for each sequence:

   [No targets detected that satisfy reporting thresholds]


Internal pipeline statistics summary:
-------------------------------------
Query model(s):                            1  (393 nodes)
Target sequences:                      49023  (15684068 residues searched)
Passed MSV filter:                       613  (0.0125043); expected 980.5 (0.02)
Passed bias filter:                      540  (0.0110152); expected 980.5 (0.02)
Passed Vit filter:                        25  (0.000509965); expected 49.0 (0.001)
Passed Fwd filter:                         0  (0); expected 0.5 (1e-05)
Initial search space (Z):              49023  [actual number of targets]
Domain search space  (domZ):               0  [number of targets reported over threshold]
# CPU time: 0.66u 0.02s 00:00:00.68 Elapsed: 00:00:00.18
# Mc/sec: 33295.46
//
Query:       GVOGm0013  [M=459]
Scores for complete sequences (score includes all domains):
   --- full sequence ---   --- best 1 domain ---    -#dom-
    E-value  score  bias    E-value  score  bias    exp  N  Sequence                                         Description
    ------- ------ -----    ------- ------ -----   ---- --  --------                                         -----------
    1.1e-39  137.9   0.0    5.4e-31  109.2   0.0    2.1  2  IMG2508501111|2509058758|Haur_00102               
    1.2e-30  108.1   0.0    3.7e-25   90.0   0.0    2.1  2  IMG2561511072|2561985676|N688DRAFT_0393           
    1.9e-27   97.5   0.0    1.4e-20   74.9   0.0    2.9  2  UBA5177|DHWR01000248.1|UBA5177_contig_10455_23    
    6.4e-26   92.5   0.0    1.8e-25   91.0   0.0    1.6  1  IMG2140918011|2143740837|GAL35imgmDRAFT_00006960  
    1.5e-25   91.3   0.0    6.8e-25   89.1   0.0    1.8  1  IMG2510461066|2510831072|CCHmeta_06167            
    3.5e-24   86.8   0.0    1.4e-23   84.8   0.0    1.7  1  UBA4733|DHIZ01000004.1|UBA4733_contig_7774_24     
    7.9e-21   75.7   0.1    1.5e-20   74.8   0.1    1.3  1  IMG2508501111|2509060016|Haur_01360               
    1.6e-20   74.8   0.0      2e-19   71.1   0.0    2.0  2  IMG646311953|646436733|Sthe_1719                  
    9.3e-18   65.6   0.0    3.3e-16   60.5   0.0    2.6  1  IMG2510461066|2510831267|CCHmeta_06362            
    1.5e-17   64.9   0.0    2.6e-16   60.8   0.0    2.5  1  UBA4733|DHIZ01000181.1|UBA4733_contig_2492_3      
    1.6e-14   54.9   0.0    5.1e-10   40.1   0.0    2.8  2  IMG2510461066|2510828851|CCHmeta_03945            
    9.3e-14   52.4   0.0    5.6e-06   26.8   0.0    3.1  3  IMG2140918011|2143740876|GAL35imgmDRAFT_00007350  
    5.7e-13   49.8   0.0    2.5e-09   37.8   0.0    2.4  3  IMG646311953|646437211|Sthe_2206                  
    4.1e-12   47.0   0.0    1.7e-05   25.2   0.0    2.6  2  IMG2508501111|2509064273|Haur_05619               
    1.7e-11   44.9   0.0    3.4e-07   30.8   0.0    2.1  2  IMG2508501111|2509060037|Haur_01381               


Domain annotation for each sequence:
>> IMG2508501111|2509058758|Haur_00102  
   #    score  bias  c-Evalue  i-Evalue hmmfrom  hmm to    alifrom  ali to    envfrom  env to     acc
 ---   ------ ----- --------- --------- ------- -------    ------- -------    ------- -------    ----
   1 !  109.2   0.0   1.7e-34   5.4e-31      80     261 ..      44     214 ..      33     246 .. 0.86
   2 !   26.8   0.1   1.7e-09   5.6e-06     315     436 ..     307     437 ..     294     440 .] 0.83

>> IMG2561511072|2561985676|N688DRAFT_0393  
   #    score  bias  c-Evalue  i-Evalue hmmfrom  hmm to    alifrom  ali to    envfrom  env to     acc
 ---   ------ ----- --------- --------- ------- -------    ------- -------    ------- -------    ----
   1 !   90.0   0.0   1.1e-28   3.7e-25      92     260 ..      93     252 ..      76     293 .. 0.85
   2 !   16.1   0.0     3e-06    0.0098     314     418 ..     345     458 ..     337     470 .. 0.80

>> UBA5177|DHWR01000248.1|UBA5177_contig_10455_23  
   #    score  bias  c-Evalue  i-Evalue hmmfrom  hmm to    alifrom  ali to    envfrom  env to     acc
 ---   ------ ----- --------- --------- ------- -------    ------- -------    ------- -------    ----
   1 !   74.9   0.0   4.2e-24   1.4e-20      92     262 ..      12     183 ..       7     224 .. 0.80
   2 !   18.0   0.0   7.9e-07    0.0026     314     430 ..     270     395 ..     264     403 .. 0.72

>> IMG2140918011|2143740837|GAL35imgmDRAFT_00006960  
   #    score  bias  c-Evalue  i-Evalue hmmfrom  hmm to    alifrom  ali to    envfrom  env to     acc
 ---   ------ ----- --------- --------- ------- -------    ------- -------    ------- -------    ----
   1 !   91.0   0.0   5.7e-29   1.8e-25      93     441 ..     192     557 ..     188     573 .. 0.74

>> IMG2510461066|2510831072|CCHmeta_06167  
   #    score  bias  c-Evalue  i-Evalue hmmfrom  hmm to    alifrom  ali to    envfrom  env to     acc
 ---   ------ ----- --------- --------- ------- -------    ------- -------    ------- -------    ----
   1 !   89.1   0.0   2.1e-28   6.8e-25      92     438 ..     229     601 ..     219     607 .. 0.71

>> UBA4733|DHIZ01000004.1|UBA4733_contig_7774_24  
   #    score  bias  c-Evalue  i-Evalue hmmfrom  hmm to    alifrom  ali to    envfrom  env to     acc
 ---   ------ ----- --------- --------- ------- -------    ------- -------    ------- -------    ----
   1 !   84.8   0.0   4.3e-27   1.4e-23      92     438 ..     188     552 ..     168     578 .. 0.73

>> IMG2508501111|2509060016|Haur_01360  
   #    score  bias  c-Evalue  i-Evalue hmmfrom  hmm to    alifrom  ali to    envfrom  env to     acc
 ---   ------ ----- --------- --------- ------- -------    ------- -------    ------- -------    ----
   1 !   74.8   0.1   4.5e-24   1.5e-20      87     416 ..     160     536 ..     135     544 .. 0.78

>> IMG646311953|646436733|Sthe_1719  
   #    score  bias  c-Evalue  i-Evalue hmmfrom  hmm to    alifrom  ali to    envfrom  env to     acc
 ---   ------ ----- --------- --------- ------- -------    ------- -------    ------- -------    ----
   1 !   71.1   0.0     6e-23     2e-19      91     261 ..     173     342 ..     144     362 .. 0.86
   2 ?    1.3   0.0     0.094   3.1e+02     372     437 ..     446     518 ..     440     527 .. 0.68

>> IMG2510461066|2510831267|CCHmeta_06362  
   #    score  bias  c-Evalue  i-Evalue hmmfrom  hmm to    alifrom  ali to    envfrom  env to     acc
 ---   ------ ----- --------- --------- ------- -------    ------- -------    ------- -------    ----
   1 !   60.5   0.0     1e-19   3.3e-16      92     414 ..     253     627 ..     249     650 .. 0.77

>> UBA4733|DHIZ01000181.1|UBA4733_contig_2492_3  
   #    score  bias  c-Evalue  i-Evalue hmmfrom  hmm to    alifrom  ali to    envfrom  env to     acc
 ---   ------ ----- --------- --------- ------- -------    ------- -------    ------- -------    ----
   1 !   60.8   0.0   8.1e-20   2.6e-16      94     423 ..     158     542 ..     155     545 .. 0.76

>> IMG2510461066|2510828851|CCHmeta_03945  
   #    score  bias  c-Evalue  i-Evalue hmmfrom  hmm to    alifrom  ali to    envfrom  env to     acc
 ---   ------ ----- --------- --------- ------- -------    ------- -------    ------- -------    ----
   1 !   11.4   0.0   8.1e-05      0.26      92     132 ..     160     200 ..     129     249 .. 0.88
   2 !   40.1   0.0   1.5e-13   5.1e-10     199     427 ..     293     563 ..     268     566 .. 0.71

>> IMG2140918011|2143740876|GAL35imgmDRAFT_00007350  
   #    score  bias  c-Evalue  i-Evalue hmmfrom  hmm to    alifrom  ali to    envfrom  env to     acc
 ---   ------ ----- --------- --------- ------- -------    ------- -------    ------- -------    ----
   1 !   26.8   0.0   1.7e-09   5.6e-06      87     167 ..       8      87 ..       2      98 .. 0.90
   2 !    7.2   0.0    0.0014       4.7     198     239 ..     197     242 ..     179     251 .. 0.84
   3 !   14.5   0.0     9e-06     0.029     362     404 ..     584     630 ..     573     644 .. 0.84

>> IMG646311953|646437211|Sthe_2206  
   #    score  bias  c-Evalue  i-Evalue hmmfrom  hmm to    alifrom  ali to    envfrom  env to     acc
 ---   ------ ----- --------- --------- ------- -------    ------- -------    ------- -------    ----
   1 !   37.8   0.0   7.7e-13   2.5e-09      87     169 ..      14      92 ..       3     124 .. 0.85
   2 ?   -3.3   0.0       2.3   7.4e+03     207     239 ..     207     242 ..     205     244 .. 0.62
   3 !    9.3   0.0   0.00034       1.1     362     404 ..     592     638 ..     586     658 .. 0.79

>> IMG2508501111|2509064273|Haur_05619  
   #    score  bias  c-Evalue  i-Evalue hmmfrom  hmm to    alifrom  ali to    envfrom  env to     acc
 ---   ------ ----- --------- --------- ------- -------    ------- -------    ------- -------    ----
   1 !   25.2   0.0   5.1e-09   1.7e-05      95     262 ..     192     378 ..     181     398 .. 0.79
   2 !   18.7   0.0   4.9e-07    0.0016     304     416 ..     457     594 ..     452     599 .. 0.78

>> IMG2508501111|2509060037|Haur_01381  
   #    score  bias  c-Evalue  i-Evalue hmmfrom  hmm to    alifrom  ali to    envfrom  env to     acc
 ---   ------ ----- --------- --------- ------- -------    ------- -------    ------- -------    ----
   1 !   30.8   0.0     1e-10   3.4e-07      94     242 ..     144     291 ..     131     301 .. 0.81
   2 !   11.9   0.0   5.5e-05      0.18     308     409 ..     462     572 ..     443     579 .. 0.73



Internal pipeline statistics summary:
-------------------------------------
Query model(s):                            1  (459 nodes)
Target sequences:                      49023  (15684068 residues searched)
Passed MSV filter:                       898  (0.0183179); expected 980.5 (0.02)
Passed bias filter:                      848  (0.017298); expected 980.5 (0.02)
Passed Vit filter:                       188  (0.00383493); expected 49.0 (0.001)
Passed Fwd filter:                        79  (0.00161149); expected 0.5 (1e-05)
Initial search space (Z):              49023  [actual number of targets]
Domain search space  (domZ):              15  [number of targets reported over threshold]
# CPU time: 2.02u 0.07s 00:00:02.09 Elapsed: 00:00:00.25
# Mc/sec: 28438.60
//
Query:       GVOGm0022  [M=1146]
Scores for complete sequences (score includes all domains):
   --- full sequence ---   --- best 1 domain ---    -#dom-
    E-value  score  bias    E-value  score  bias    exp  N  Sequence                                         Description
    ------- ------ -----    ------- ------ -----   ---- --  --------                                         -----------
   9.1e-114  382.5   0.0    2.1e-77  262.1   0.0    4.2  4  IMG646311953|646436013|Sthe_1029                  
   2.6e-111  374.4   0.0    4.8e-76  257.5   0.0    4.5  4  UBA5177|DHWR01000174.1|UBA5177_contig_1880_20     
   2.6e-111  374.3   0.0    1.1e-75  256.4   0.0    4.5  4  IMG2508501111|2509058911|Haur_00255               
   5.9e-109  366.5   0.0    6.3e-78  263.8   0.0    5.0  4  IMG646311962|646439228|Tter_0708                  
     5e-108  363.5   0.0    5.8e-77  260.6   0.0    4.7  3  IMG2506520040|2506715258|ChY396_0994              
   3.8e-105  353.9   0.0    2.9e-76  258.3   0.0    5.1  5  IMG2510461066|2510830860|CCHmeta_05955            
   2.1e-103  348.2   0.0    5.9e-75  253.9   0.0    4.6  4  IMG2561511072|2561989031|N688DRAFT_3748           
    1.8e-99  335.1   0.0      3e-43  149.0   0.0    5.8  5  IMG2540341062|2540520667|dcmb_611                 
    1.6e-95  322.1   0.0    6.6e-41  141.2   0.0    5.6  5  IMG2140918011|2143740292|GAL35imgmDRAFT_00001500  
    4.6e-14   52.3   0.0    9.1e-06   24.8   0.0    2.9  3  UBA5189|DHWF01000025.1|UBA5189_contig_3789_1      
    2.1e-13   50.1   0.0    6.7e-10   38.5   0.0    2.9  2  UBA4733|DHIZ01000377.1|UBA4733_contig_2137_2      


Domain annotation for each sequence:
>> IMG646311953|646436013|Sthe_1029  
   #    score  bias  c-Evalue  i-Evalue hmmfrom  hmm to    alifrom  ali to    envfrom  env to     acc
 ---   ------ ----- --------- --------- ------- -------    ------- -------    ------- -------    ----
   1 !   26.3   0.0   7.2e-10   3.2e-06      24     141 ..      40     132 ..      27     134 .. 0.85
   2 !   69.3   0.0   7.3e-23   3.3e-19     167     495 ..     133     470 ..     132     483 .. 0.76
   3 !   19.5   0.0   8.4e-08   0.00037     629     700 ..     545     635 ..     525     640 .. 0.93
   4 !  262.1   0.0   4.7e-81   2.1e-77     733    1090 ..     726    1117 ..     723    1150 .. 0.87

>> UBA5177|DHWR01000174.1|UBA5177_contig_1880_20  
   #    score  bias  c-Evalue  i-Evalue hmmfrom  hmm to    alifrom  ali to    envfrom  env to     acc
 ---   ------ ----- --------- --------- ------- -------    ------- -------    ------- -------    ----
   1 !   23.5   0.0     5e-09   2.2e-05      24     141 ..      31     131 ..      23     133 .. 0.82
   2 !   70.4   0.0   3.6e-23   1.6e-19     168     494 ..     133     468 ..     131     477 .. 0.73
   3 !   16.8   0.0   5.3e-07    0.0024     585     700 ..     495     631 ..     494     636 .. 0.77
   4 !  257.5   0.0   1.1e-79   4.8e-76     734    1089 ..     725    1112 ..     721    1146 .. 0.87

>> IMG2508501111|2509058911|Haur_00255  
   #    score  bias  c-Evalue  i-Evalue hmmfrom  hmm to    alifrom  ali to    envfrom  env to     acc
 ---   ------ ----- --------- --------- ------- -------    ------- -------    ------- -------    ----
   1 !   31.9   0.0   1.5e-11   6.5e-08      23     141 ..      44     138 ..      27     141 .. 0.85
   2 !   66.2   0.0   6.4e-22   2.9e-18     168     496 ..     140     496 ..     137     502 .. 0.77
   3 !   14.2   0.0   3.2e-06     0.014     653     700 ..     641     696 ..     602     701 .. 0.77
   4 !  256.4   0.0   2.4e-79   1.1e-75     733    1089 ..     787    1175 ..     784    1210 .. 0.88

>> IMG646311962|646439228|Tter_0708  
   #    score  bias  c-Evalue  i-Evalue hmmfrom  hmm to    alifrom  ali to    envfrom  env to     acc
 ---   ------ ----- --------- --------- ------- -------    ------- -------    ------- -------    ----
   1 !   29.0   0.0   1.1e-10     5e-07      23     150 ..      36     143 ..      19     224 .. 0.78
   2 !   49.3   0.0   8.3e-17   3.7e-13     345     501 ..     372     525 ..     366     570 .. 0.74
   3 !   12.5   0.0   1.1e-05     0.048     658     700 ..     641     683 ..     632     688 .. 0.92
   4 !  263.8   0.0   1.4e-81   6.3e-78     734    1090 ..     775    1163 ..     770    1198 .. 0.87

>> IMG2506520040|2506715258|ChY396_0994  
   #    score  bias  c-Evalue  i-Evalue hmmfrom  hmm to    alifrom  ali to    envfrom  env to     acc
 ---   ------ ----- --------- --------- ------- -------    ------- -------    ------- -------    ----
   1 !   26.0   0.0   8.7e-10   3.9e-06      24     147 ..      45     144 ..      30     226 .. 0.84
   2 !   65.5   0.0   1.1e-21   4.9e-18     332     700 ..     351     706 ..     349     711 .. 0.79
   3 !  260.6   0.0   1.3e-80   5.8e-77     734    1089 ..     798    1185 ..     794    1221 .. 0.87

>> IMG2510461066|2510830860|CCHmeta_05955  
   #    score  bias  c-Evalue  i-Evalue hmmfrom  hmm to    alifrom  ali to    envfrom  env to     acc
 ---   ------ ----- --------- --------- ------- -------    ------- -------    ------- -------    ----
   1 !   19.5   0.0   8.4e-08   0.00038      24     118 ..      45     124 ..      30     139 .. 0.84
   2 !    4.1   0.0    0.0036        16     167     252 ..     233     311 ..     211     377 .. 0.63
   3 !   48.7   0.0   1.3e-16   5.7e-13     332     496 ..     452     607 ..     449     630 .. 0.76
   4 !   16.2   0.0   8.3e-07    0.0037     643     700 ..     748     806 ..     679     811 .. 0.81
   5 !  258.3   0.0   6.6e-80   2.9e-76     733    1089 ..     955    1343 ..     951    1378 .. 0.88

>> IMG2561511072|2561989031|N688DRAFT_3748  
   #    score  bias  c-Evalue  i-Evalue hmmfrom  hmm to    alifrom  ali to    envfrom  env to     acc
 ---   ------ ----- --------- --------- ------- -------    ------- -------    ------- -------    ----
   1 !   19.2   0.0     1e-07   0.00045      24     142 ..      27     123 ..      22     124 .. 0.80
   2 !   56.0   0.0   7.9e-19   3.5e-15     168     491 ..     124     469 ..     122     476 .. 0.74
   3 !   13.0   0.0   7.5e-06     0.033     633     700 ..     559     645 ..     536     650 .. 0.79
   4 !  253.9   0.0   1.3e-78   5.9e-75     734    1090 ..     737    1125 ..     731    1157 .. 0.87

>> IMG2540341062|2540520667|dcmb_611  
   #    score  bias  c-Evalue  i-Evalue hmmfrom  hmm to    alifrom  ali to    envfrom  env to     acc
 ---   ------ ----- --------- --------- ------- -------    ------- -------    ------- -------    ----
   1 !   14.6   0.0   2.4e-06     0.011      24     141 ..      30     124 ..      17     126 .. 0.84
   2 !   60.6   0.0   3.1e-20   1.4e-16     168     498 ..     126     468 ..     123     518 .. 0.73
   3 !   25.1   0.0   1.7e-09   7.7e-06     630     701 ..     537     627 ..     510     634 .. 0.91
   4 !  149.0   0.0   6.6e-47     3e-43     733     972 ..     717     974 ..     711     982 .. 0.90
   5 !   76.9   0.0   3.9e-25   1.7e-21     979    1086 ..    1067    1217 ..    1051    1267 .. 0.76

>> IMG2140918011|2143740292|GAL35imgmDRAFT_00001500  
   #    score  bias  c-Evalue  i-Evalue hmmfrom  hmm to    alifrom  ali to    envfrom  env to     acc
 ---   ------ ----- --------- --------- ------- -------    ------- -------    ------- -------    ----
   1 !   12.2   0.0   1.3e-05     0.057      23     151 ..      20     133 ..       6     149 .. 0.77
   2 !   51.3   0.0   2.1e-17   9.2e-14     168     497 ..     125     481 ..     122     496 .. 0.70
   3 !   24.7   0.0   2.2e-09   9.9e-06     629     700 ..     552     642 ..     529     647 .. 0.92
   4 !  141.2   0.0   1.5e-44   6.6e-41     738     972 ..     738     990 ..     730     999 .. 0.88
   5 !   86.6   0.0   4.6e-28   2.1e-24     978    1089 ..    1133    1257 ..    1116    1286 .. 0.83

>> UBA5189|DHWF01000025.1|UBA5189_contig_3789_1  
   #    score  bias  c-Evalue  i-Evalue hmmfrom  hmm to    alifrom  ali to    envfrom  env to     acc
 ---   ------ ----- --------- --------- ------- -------    ------- -------    ------- -------    ----
   1 !   24.8   0.0     2e-09   9.1e-06      24     140 ..      31     123 ..      28     126 .. 0.83
   2 !   13.3   0.0     6e-06     0.027     168     270 ..     126     227 ..     123     272 .. 0.69
   3 !   10.9   0.1   3.3e-05      0.15     331     371 ..     314     354 ..     307     368 .. 0.88

>> UBA4733|DHIZ01000377.1|UBA4733_contig_2137_2  
   #    score  bias  c-Evalue  i-Evalue hmmfrom  hmm to    alifrom  ali to    envfrom  env to     acc
 ---   ------ ----- --------- --------- ------- -------    ------- -------    ------- -------    ----
   1 !    7.7   0.0   0.00031       1.4      76     140 ..      83     138 ..      17     140 .. 0.63
   2 !   38.5   0.0   1.5e-13   6.7e-10     166     450 ..     139     427 ..     137     431 .. 0.65



Internal pipeline statistics summary:
-------------------------------------
Query model(s):                            1  (1146 nodes)
Target sequences:                      49023  (15684068 residues searched)
Passed MSV filter:                       580  (0.0118312); expected 980.5 (0.02)
Passed bias filter:                      534  (0.0108928); expected 980.5 (0.02)
Passed Vit filter:                        67  (0.00136671); expected 49.0 (0.001)
Passed Fwd filter:                        13  (0.000265182); expected 0.5 (1e-05)
Initial search space (Z):              49023  [actual number of targets]
Domain search space  (domZ):              11  [number of targets reported over threshold]
# CPU time: 1.97u 0.07s 00:00:02.04 Elapsed: 00:00:00.23
# Mc/sec: 77376.21
//
Query:       GVOGm0023  [M=1378]
Scores for complete sequences (score includes all domains):
   --- full sequence ---   --- best 1 domain ---    -#dom-
    E-value  score  bias    E-value  score  bias    exp  N  Sequence                                         Description
    ------- ------ -----    ------- ------ -----   ---- --  --------                                         -----------
   4.5e-129  433.9   0.0    5.6e-84  284.5   0.0    6.8  6  IMG646311953|646436014|Sthe_1030                  
   9.2e-126  423.0   0.6    8.3e-70  237.6   0.0    7.4  6  IMG2506520040|2506715257|ChY396_0993              
   1.1e-124  419.5   0.0    1.9e-89  302.7   0.0    6.3  5  IMG646311962|646439229|Tter_0709                  
   3.5e-124  417.7   7.6    4.5e-69  235.1   0.0    7.4  7  IMG2510461066|2510830861|CCHmeta_05956            
     3e-121  408.0   0.5    1.4e-68  233.5   0.0    7.2  6  IMG2508501111|2509058909|Haur_00253               
   5.9e-120  403.7   0.0    2.3e-76  259.3   0.0    6.5  6  IMG2561511072|2561989030|N688DRAFT_3747           
   1.8e-119  402.1   0.0    2.8e-76  259.0   0.0    7.2  6  IMG2140918011|2143743069|GAL35imgmDRAFT_00029350  
   1.1e-117  396.3   0.4    2.3e-87  295.8   0.0    6.3  5  IMG2540341062|2540520668|dcmb_612                 
   6.6e-117  393.6   0.1    8.5e-83  280.6   0.0    7.6  6  UBA4733|DHIZ01000277.1|UBA4733_contig_1107_29     
   1.2e-112  379.5   2.4    1.2e-40  140.9   0.4    7.5  8  UBA5177|DHWR01000174.1|UBA5177_contig_1880_21     
     8e-100  337.0   0.0    4.8e-71  241.7   0.0    6.9  6  IMG2561511072|2561987719|N688DRAFT_2436           
    2.8e-64  219.2   1.5      6e-29  102.2   0.0    6.5  6  UBA5189|DHWF01000048.1|UBA5189_contig_670_1       
    2.8e-15   56.9   0.1    9.7e-06   25.3   0.0    3.0  3  UBA4669|DHLL01000023.1|UBA4669_contig_4071_6      


Domain annotation for each sequence:
>> IMG646311953|646436014|Sthe_1030  
   #    score  bias  c-Evalue  i-Evalue hmmfrom  hmm to    alifrom  ali to    envfrom  env to     acc
 ---   ------ ----- --------- --------- ------- -------    ------- -------    ------- -------    ----
   1 !    8.1   0.0   0.00039       1.5       8      94 ..      17     123 ..      10     129 .. 0.71
   2 !  284.5   0.0   1.5e-87   5.6e-84     202     718 ..     408     900 ..     402     909 .. 0.87
   3 !   38.8   0.0   2.1e-13   7.9e-10     752     806 ..     914     968 ..     913     977 .. 0.95
   4 !   51.4   0.0   3.2e-17   1.2e-13     972    1028 ..    1060    1114 ..    1054    1124 .. 0.91
   5 !    7.9   0.0   0.00046       1.7    1232    1278 ..    1239    1286 ..    1237    1293 .. 0.94
   6 !   32.8   0.0   1.4e-11   5.4e-08    1295    1342 ..    1341    1388 ..    1296    1422 .. 0.85

>> IMG2506520040|2506715257|ChY396_0993  
   #    score  bias  c-Evalue  i-Evalue hmmfrom  hmm to    alifrom  ali to    envfrom  env to     acc
 ---   ------ ----- --------- --------- ------- -------    ------- -------    ------- -------    ----
   1 !    3.6   0.0    0.0089        34       9      59 ..       3      56 ..       1     112 [. 0.65
   2 !  237.6   0.0   2.2e-73   8.3e-70     201     510 ..     393     682 ..     384     706 .. 0.90
   3 !   64.3   0.1   4.3e-21   1.6e-17     583     803 ..     803     998 ..     790    1002 .. 0.87
   4 !   57.5   0.0   4.7e-19   1.8e-15     972    1029 ..    1094    1150 ..    1086    1204 .. 0.82
   5 !   12.2   0.0   2.3e-05     0.086    1230    1278 ..    1270    1319 ..    1269    1326 .. 0.92
   6 !   35.2   0.0   2.6e-12   9.6e-09    1276    1340 ..    1357    1419 ..    1334    1454 .. 0.87

>> IMG646311962|646439229|Tter_0709  
   #    score  bias  c-Evalue  i-Evalue hmmfrom  hmm to    alifrom  ali to    envfrom  env to     acc
 ---   ------ ----- --------- --------- ------- -------    ------- -------    ------- -------    ----
   1 !   15.8   0.0   1.9e-06    0.0072      10      94 ..       4     108 ..       1     112 [. 0.76
   2 !  302.7   0.0   4.9e-93   1.9e-89     201     806 ..     397     961 ..     390     971 .. 0.88
   3 !   50.7   0.0   5.4e-17     2e-13     972    1029 ..    1055    1112 ..    1048    1147 .. 0.86
   4 !    9.4   0.0   0.00016      0.62    1232    1278 ..    1237    1284 ..    1231    1292 .. 0.93
   5 !   29.8   0.0   1.1e-10   4.2e-07    1294    1345 ..    1338    1389 ..    1327    1399 .. 0.88

>> IMG2510461066|2510830861|CCHmeta_05956  
   #    score  bias  c-Evalue  i-Evalue hmmfrom  hmm to    alifrom  ali to    envfrom  env to     acc
 ---   ------ ----- --------- --------- ------- -------    ------- -------    ------- -------    ----
   1 ?   -0.5   0.0      0.15   5.8e+02       9      64 ..       3      60 ..       1     110 [. 0.68
   2 ?   -3.3   2.1       1.1   4.1e+03     858     926 ..     141     218 ..     121     261 .. 0.63
   3 !  235.1   0.0   1.2e-72   4.5e-69     201     511 ..     392     682 ..     380     703 .. 0.90
   4 !   68.1   0.1   3.1e-22   1.2e-18     591     804 ..     858    1046 ..     845    1055 .. 0.90
   5 !   58.9   0.0   1.9e-19     7e-16     972    1034 ..    1142    1200 ..    1123    1273 .. 0.80
   6 !   11.0   0.0   5.2e-05       0.2    1230    1278 ..    1322    1371 ..    1319    1378 .. 0.91
   7 !   38.4   0.0   2.8e-13   1.1e-09    1249    1347 ..    1383    1478 ..    1381    1502 .. 0.93

>> IMG2508501111|2509058909|Haur_00253  
   #    score  bias  c-Evalue  i-Evalue hmmfrom  hmm to    alifrom  ali to    envfrom  env to     acc
 ---   ------ ----- --------- --------- ------- -------    ------- -------    ------- -------    ----
   1 ?    3.1   0.0     0.012        46       9      93 ..       3     107 ..       1     114 [. 0.62
   2 !  233.5   0.0   3.8e-72   1.4e-68     201     509 ..     394     682 ..     386     688 .. 0.91
   3 !   56.2   0.0   1.2e-18   4.4e-15     595     804 ..     830    1014 ..     824    1025 .. 0.84
   4 !   57.6   0.0   4.6e-19   1.7e-15     971    1025 ..    1115    1169 ..    1032    1210 .. 0.78
   5 !   14.0   0.0   6.6e-06     0.025    1230    1278 ..    1296    1345 ..    1291    1352 .. 0.94
   6 !   32.4   0.0   1.9e-11   7.1e-08    1295    1341 ..    1400    1446 ..    1388    1464 .. 0.90

>> IMG2561511072|2561989030|N688DRAFT_3747  
   #    score  bias  c-Evalue  i-Evalue hmmfrom  hmm to    alifrom  ali to    envfrom  env to     acc
 ---   ------ ----- --------- --------- ------- -------    ------- -------    ------- -------    ----
   1 !    6.8   0.0   0.00097       3.7      10      94 ..       4     108 ..       1     112 [. 0.69
   2 !  259.3   0.0     6e-80   2.3e-76     201     718 ..     394     901 ..     385     911 .. 0.85
   3 !   35.8   0.0   1.7e-12   6.3e-09     752     804 ..     915     967 ..     914     975 .. 0.93
   4 !   47.7   0.0   4.3e-16   1.6e-12     970    1025 ..    1058    1114 ..    1053    1152 .. 0.90
   5 !   12.9   0.0   1.4e-05     0.052    1232    1282 ..    1246    1294 ..    1241    1323 .. 0.84
   6 !   31.3   0.0   3.9e-11   1.5e-07    1289    1342 ..    1344    1395 ..    1333    1410 .. 0.88

>> IMG2140918011|2143743069|GAL35imgmDRAFT_00029350  
   #    score  bias  c-Evalue  i-Evalue hmmfrom  hmm to    alifrom  ali to    envfrom  env to     acc
 ---   ------ ----- --------- --------- ------- -------    ------- -------    ------- -------    ----
   1 ?    0.6   0.0     0.072   2.7e+02      59      96 ..      69     109 ..       2     115 .. 0.51
   2 !  259.0   0.0   7.4e-80   2.8e-76     201     718 ..     394     900 ..     371     910 .. 0.81
   3 !   38.4   0.0   2.8e-13   1.1e-09     752     804 ..     914     966 ..     913     973 .. 0.95
   4 !   56.5   0.0   9.8e-19   3.7e-15     973    1031 ..    1061    1119 ..    1058    1129 .. 0.94
   5 !   14.3   0.0   5.3e-06      0.02    1232    1281 ..    1239    1289 ..    1237    1292 .. 0.93
   6 !   21.0   0.0     5e-08   0.00019    1295    1340 ..    1341    1386 ..    1325    1398 .. 0.91

>> IMG2540341062|2540520668|dcmb_612  
   #    score  bias  c-Evalue  i-Evalue hmmfrom  hmm to    alifrom  ali to    envfrom  env to     acc
 ---   ------ ----- --------- --------- ------- -------    ------- -------    ------- -------    ----
   1 !    6.8   0.0     0.001       3.8       8      66 ..       2      62 ..       1     110 [. 0.81
   2 !  295.8   0.0     6e-91   2.3e-87     201     804 ..     283     838 ..     277     851 .. 0.83
   3 !   44.1   0.0   5.2e-15     2e-11     975    1033 ..     936     992 ..     931    1038 .. 0.87
   4 !   12.5   0.0   1.8e-05     0.068    1232    1278 ..    1119    1166 ..    1116    1176 .. 0.90
   5 !   28.0   0.0   3.9e-10   1.5e-06    1278    1335 ..    1206    1261 ..    1187    1268 .. 0.91

>> UBA4733|DHIZ01000277.1|UBA4733_contig_1107_29  
   #    score  bias  c-Evalue  i-Evalue hmmfrom  hmm to    alifrom  ali to    envfrom  env to     acc
 ---   ------ ----- --------- --------- ------- -------    ------- -------    ------- -------    ----
   1 !    4.4   0.0    0.0051        19      12      54 ..       6      50 ..       1      54 [. 0.86
   2 ?   -0.4   0.0      0.14   5.3e+02      78      96 ..     103     121 ..      99     127 .. 0.87
   3 !  280.6   0.0   2.3e-86   8.5e-83     201     804 ..     407    1015 ..     402    1028 .. 0.86
   4 !   47.9   0.1   3.9e-16   1.5e-12     976    1025 ..    1123    1171 ..    1092    1202 .. 0.90
   5 !    6.5   0.0    0.0012       4.6    1237    1285 ..    1314    1360 ..    1308    1386 .. 0.80
   6 !   39.7   0.0   1.1e-13   4.3e-10    1251    1346 ..    1370    1462 ..    1365    1476 .. 0.84

>> UBA5177|DHWR01000174.1|UBA5177_contig_1880_21  
   #    score  bias  c-Evalue  i-Evalue hmmfrom  hmm to    alifrom  ali to    envfrom  env to     acc
 ---   ------ ----- --------- --------- ------- -------    ------- -------    ------- -------    ----
   1 ?   -1.1   0.0      0.23   8.8e+02       9      41 ..       3      35 ..       1      42 [. 0.87
   2 ?   -0.5   0.0      0.16     6e+02      78      94 ..     154     170 ..     133     176 .. 0.85
   3 !  140.9   0.4   3.3e-44   1.2e-40     201     430 ..     413     622 ..     408     627 .. 0.87
   4 !   99.5   0.0     1e-31   3.9e-28     427     718 ..     688    1000 ..     685    1010 .. 0.79
   5 !   36.7   0.0     9e-13   3.4e-09     752     803 ..    1014    1065 ..    1013    1069 .. 0.96
   6 !   53.9   0.0   5.9e-18   2.2e-14     972    1033 ..    1165    1224 ..    1147    1246 .. 0.90
   7 !    8.0   0.0   0.00041       1.5    1232    1278 ..    1349    1396 ..    1347    1403 .. 0.93
   8 !   30.4   0.0   7.5e-11   2.8e-07    1295    1342 ..    1451    1498 ..    1411    1528 .. 0.87

>> IMG2561511072|2561987719|N688DRAFT_2436  
   #    score  bias  c-Evalue  i-Evalue hmmfrom  hmm to    alifrom  ali to    envfrom  env to     acc
 ---   ------ ----- --------- --------- ------- -------    ------- -------    ------- -------    ----
   1 !    9.1   0.0    0.0002      0.74      13     101 ..       7     117 ..       1     119 [. 0.76
   2 !  241.7   0.0   1.3e-74   4.8e-71     205     716 ..     242     747 ..     226     760 .. 0.81
   3 !   26.5   0.0   1.1e-09   4.1e-06     752     803 ..     763     814 ..     762     824 .. 0.92
   4 !   32.3   0.0   1.9e-11   7.3e-08     973    1026 ..     905     959 ..     900     972 .. 0.87
   5 ?    1.2   0.0     0.049   1.8e+02    1234    1276 ..    1030    1074 ..    1028    1078 .. 0.93
   6 !   15.2   0.0   2.7e-06      0.01    1296    1335 ..    1132    1171 ..    1123    1173 .. 0.93

>> UBA5189|DHWF01000048.1|UBA5189_contig_670_1  
   #    score  bias  c-Evalue  i-Evalue hmmfrom  hmm to    alifrom  ali to    envfrom  env to     acc
 ---   ------ ----- --------- --------- ------- -------    ------- -------    ------- -------    ----
   1 !  102.2   0.0   1.6e-32     6e-29     424     718 ..       1     327 [.       1     336 [. 0.82
   2 ?   -1.2   0.0      0.25   9.5e+02     752     775 ..     341     364 ..     340     367 .. 0.94
   3 !   18.4   0.0   3.2e-07    0.0012     771     803 ..     422     454 ..     418     465 .. 0.92
   4 !   46.3   0.1   1.2e-15   4.4e-12     976    1025 ..     574     622 ..     567     632 .. 0.92
   5 !   11.6   0.0   3.5e-05      0.13    1233    1305 ..     747     818 ..     745     828 .. 0.87
   6 !   31.2   0.0     4e-11   1.5e-07    1281    1341 ..     836     894 ..     803     909 .. 0.80

>> UBA4669|DHLL01000023.1|UBA4669_contig_4071_6  
   #    score  bias  c-Evalue  i-Evalue hmmfrom  hmm to    alifrom  ali to    envfrom  env to     acc
 ---   ------ ----- --------- --------- ------- -------    ------- -------    ------- -------    ----
   1 !   24.8   0.0   3.7e-09   1.4e-05     987    1029 ..       1      41 [.       1      58 [. 0.89
   2 ?    3.3   0.0     0.011        41    1238    1278 ..     117     158 ..     109     182 .. 0.87
   3 !   25.3   0.0   2.6e-09   9.7e-06    1295    1340 ..     280     325 ..     275     343 .. 0.93



Internal pipeline statistics summary:
-------------------------------------
Query model(s):                            1  (1378 nodes)
Target sequences:                      49023  (15684068 residues searched)
Passed MSV filter:                       760  (0.0155029); expected 980.5 (0.02)
Passed bias filter:                      664  (0.0135447); expected 980.5 (0.02)
Passed Vit filter:                        95  (0.00193787); expected 49.0 (0.001)
Passed Fwd filter:                        13  (0.000265182); expected 0.5 (1e-05)
Initial search space (Z):              49023  [actual number of targets]
Domain search space  (domZ):              13  [number of targets reported over threshold]
# CPU time: 3.61u 0.13s 00:00:03.74 Elapsed: 00:00:00.38
# Mc/sec: 56340.69
//
Query:       GVOGm0054  [M=917]
Scores for complete sequences (score includes all domains):
   --- full sequence ---   --- best 1 domain ---    -#dom-
    E-value  score  bias    E-value  score  bias    exp  N  Sequence                                Description
    ------- ------ -----    ------- ------ -----   ---- --  --------                                -----------
    2.5e-33  116.3   0.0    5.6e-16   58.8   0.0    2.1  2  IMG646311953|646435488|Sthe_0516         
    1.2e-26   94.1   0.0    5.3e-13   49.0   0.0    2.1  2  IMG2561511072|2561989202|N688DRAFT_3919  


Domain annotation for each sequence:
>> IMG646311953|646435488|Sthe_0516  
   #    score  bias  c-Evalue  i-Evalue hmmfrom  hmm to    alifrom  ali to    envfrom  env to     acc
 ---   ------ ----- --------- --------- ------- -------    ------- -------    ------- -------    ----
   1 !   55.5   0.0   2.4e-19   5.9e-15     237     508 ..     164     414 ..     125     420 .. 0.77
   2 !   58.8   0.0   2.3e-20   5.6e-16     545     801 ..     421     656 ..     417     671 .. 0.86

>> IMG2561511072|2561989202|N688DRAFT_3919  
   #    score  bias  c-Evalue  i-Evalue hmmfrom  hmm to    alifrom  ali to    envfrom  env to     acc
 ---   ------ ----- --------- --------- ------- -------    ------- -------    ------- -------    ----
   1 !   49.0   0.0   2.2e-17   5.3e-13     244     502 ..     218     466 ..     211     470 .. 0.79
   2 !   43.3   0.0   1.1e-15   2.8e-11     538     704 ..     472     625 ..     463     635 .. 0.86



Internal pipeline statistics summary:
-------------------------------------
Query model(s):                            1  (917 nodes)
Target sequences:                      49023  (15684068 residues searched)
Passed MSV filter:                       573  (0.0116884); expected 980.5 (0.02)
Passed bias filter:                      512  (0.0104441); expected 980.5 (0.02)
Passed Vit filter:                        52  (0.00106073); expected 49.0 (0.001)
Passed Fwd filter:                         3  (6.11958e-05); expected 0.5 (1e-05)
Initial search space (Z):              49023  [actual number of targets]
Domain search space  (domZ):               2  [number of targets reported over threshold]
# CPU time: 1.05u 0.01s 00:00:01.06 Elapsed: 00:00:00.12
# Mc/sec: 115221.27
//
Query:       GVOGm0172  [M=320]
Scores for complete sequences (score includes all domains):
   --- full sequence ---   --- best 1 domain ---    -#dom-
    E-value  score  bias    E-value  score  bias    exp  N  Sequence Description
    ------- ------ -----    ------- ------ -----   ---- --  -------- -----------

   [No hits detected that satisfy reporting thresholds]


Domain annotation for each sequence:

   [No targets detected that satisfy reporting thresholds]


Internal pipeline statistics summary:
-------------------------------------
Query model(s):                            1  (320 nodes)
Target sequences:                      49023  (15684068 residues searched)
Passed MSV filter:                      1147  (0.0233972); expected 980.5 (0.02)
Passed bias filter:                     1046  (0.0213369); expected 980.5 (0.02)
Passed Vit filter:                       192  (0.00391653); expected 49.0 (0.001)
Passed Fwd filter:                        30  (0.000611958); expected 0.5 (1e-05)
Initial search space (Z):              49023  [actual number of targets]
Domain search space  (domZ):               0  [number of targets reported over threshold]
# CPU time: 0.63u 0.01s 00:00:00.64 Elapsed: 00:00:00.14
# Mc/sec: 35382.25
//
Query:       GVOGm0461  [M=1117]
Scores for complete sequences (score includes all domains):
   --- full sequence ---   --- best 1 domain ---    -#dom-
    E-value  score  bias    E-value  score  bias    exp  N  Sequence                                         Description
    ------- ------ -----    ------- ------ -----   ---- --  --------                                         -----------
    4.7e-76  257.9   0.0    5.6e-76  257.7   0.0    1.0  1  IMG2561511072|2561989442|N688DRAFT_4159           
    1.1e-75  256.7   0.0    1.4e-75  256.3   0.0    1.0  1  IMG2510461066|2510829248|CCHmeta_04342            
    1.2e-73  249.9   0.0    1.6e-73  249.5   0.0    1.0  1  UBA4733|DHIZ01000142.1|UBA4733_contig_37387_3     
    4.1e-71  241.5   0.0    5.5e-71  241.1   0.0    1.0  1  IMG2506520040|2506717891|ChY396_3627              
    2.7e-70  238.8   0.0    3.6e-70  238.4   0.0    1.1  1  IMG646311962|646438561|Tter_0051                  
    2.8e-70  238.8   0.0    7.9e-59  200.9   0.0    2.0  2  UBA5177|DHWR01000248.1|UBA5177_contig_10455_10    
    6.1e-70  237.6   0.0    7.9e-70  237.3   0.0    1.0  1  IMG2540341062|2540520061|dcmb_4                   
    6.2e-70  237.6   0.0    8.4e-70  237.2   0.0    1.1  1  IMG646311953|646436154|Sthe_1166                  
      5e-64  218.1   0.0    7.6e-64  217.5   0.0    1.2  1  IMG646311953|646435049|Sthe_0083                  
      2e-61  209.4   0.0    2.7e-61  209.0   0.0    1.0  1  UBA5189|DHWF01000037.1|UBA5189_contig_1710_7      
    5.6e-59  201.3   0.0    8.2e-58  197.5   0.0    2.2  2  UBA4669|DHLL01000012.1|UBA4669_contig_7072_8      
    1.5e-58  199.9   0.0    4.3e-58  198.4   0.0    1.6  1  IMG2561511072|2561988072|N688DRAFT_2789           
    2.9e-58  199.0   0.0    4.5e-58  198.3   0.0    1.2  1  IMG2140918011|2143742890|GAL35imgmDRAFT_00027540  
    4.3e-58  198.4   0.0    8.5e-46  157.7   0.0    2.0  2  IMG2508501111|2509063288|Haur_04632               
    5.9e-49  168.1   0.0    8.2e-49  167.7   0.0    1.1  1  IMG2510461066|2510826846|CCHmeta_01936            
      8e-47  161.1   0.0    1.1e-46  160.6   0.0    1.1  1  IMG646311962|646439609|Tter_1067                  
      3e-44  152.6   0.0    4.2e-44  152.1   0.0    1.0  1  IMG2508501111|2509063559|Haur_04903               
    4.7e-41  142.0   0.0    6.3e-41  141.6   0.0    1.1  1  IMG2540341062|2540521571|dcmb_1516                
    5.2e-41  141.9   0.0    6.9e-41  141.4   0.0    1.1  1  IMG2561511072|2561985709|N688DRAFT_0426           
    5.7e-41  141.7   0.0      3e-40  139.3   0.0    1.8  1  UBA5189|DHWF01000037.1|UBA5189_contig_1710_4      
    1.1e-40  140.8   0.0    1.7e-40  140.1   0.0    1.2  1  IMG646311953|646436735|Sthe_1721                  
      6e-40  138.3   0.0    8.5e-40  137.8   0.0    1.1  1  IMG2506520040|2506715674|ChY396_1410              
      2e-37  130.0   0.0    2.9e-37  129.4   0.0    1.1  1  UBA4733|DHIZ01000109.1|UBA4733_contig_38790_4     
    1.1e-34  120.9   0.0    1.5e-34  120.5   0.0    1.0  1  IMG646311953|646435047|Sthe_0081                  
    1.4e-32  113.9   0.0    1.7e-32  113.6   0.0    1.0  1  IMG2510461066|2510824935|CCHmeta_00019            
    8.8e-30  104.7   0.5    2.8e-19   69.9   1.8    2.9  2  UBA4669|DHLL01000012.1|UBA4669_contig_7072_10     
    2.1e-24   86.8   0.0      3e-24   86.4   0.0    1.1  1  IMG2561511072|2561988071|N688DRAFT_2788           
    2.9e-24   86.4   0.0    3.4e-24   86.1   0.0    1.0  1  IMG2140918011|2143741769|GAL35imgmDRAFT_00016310  
    8.5e-19   68.3   0.0    1.2e-18   67.8   0.0    1.2  1  UBA5177|DHWR01000234.1|UBA5177_contig_7525_4      
    4.4e-12   46.1   0.0    6.7e-12   45.4   0.0    1.2  1  IMG2140918011|2143742943|GAL35imgmDRAFT_00028070  


Domain annotation for each sequence:
>> IMG2561511072|2561989442|N688DRAFT_4159  
   #    score  bias  c-Evalue  i-Evalue hmmfrom  hmm to    alifrom  ali to    envfrom  env to     acc
 ---   ------ ----- --------- --------- ------- -------    ------- -------    ------- -------    ----
   1 !  257.7   0.0   3.4e-79   5.6e-76      27     640 ..      66     670 ..      41     673 .] 0.80

>> IMG2510461066|2510829248|CCHmeta_04342  
   #    score  bias  c-Evalue  i-Evalue hmmfrom  hmm to    alifrom  ali to    envfrom  env to     acc
 ---   ------ ----- --------- --------- ------- -------    ------- -------    ------- -------    ----
   1 !  256.3   0.0   8.6e-79   1.4e-75      51     636 ..      41     634 ..      28     641 .. 0.85

>> UBA4733|DHIZ01000142.1|UBA4733_contig_37387_3  
   #    score  bias  c-Evalue  i-Evalue hmmfrom  hmm to    alifrom  ali to    envfrom  env to     acc
 ---   ------ ----- --------- --------- ------- -------    ------- -------    ------- -------    ----
   1 !  249.5   0.0   9.8e-77   1.6e-73      51     636 ..      49     641 ..      39     648 .. 0.79

>> IMG2506520040|2506717891|ChY396_3627  
   #    score  bias  c-Evalue  i-Evalue hmmfrom  hmm to    alifrom  ali to    envfrom  env to     acc
 ---   ------ ----- --------- --------- ------- -------    ------- -------    ------- -------    ----
   1 !  241.1   0.0   3.4e-74   5.5e-71      51     620 ..      36     613 ..       7     634 .. 0.82

>> IMG646311962|646438561|Tter_0051  
   #    score  bias  c-Evalue  i-Evalue hmmfrom  hmm to    alifrom  ali to    envfrom  env to     acc
 ---   ------ ----- --------- --------- ------- -------    ------- -------    ------- -------    ----
   1 !  238.4   0.0   2.2e-73   3.6e-70      18     636 ..      27     632 ..      11     639 .. 0.82

>> UBA5177|DHWR01000248.1|UBA5177_contig_10455_10  
   #    score  bias  c-Evalue  i-Evalue hmmfrom  hmm to    alifrom  ali to    envfrom  env to     acc
 ---   ------ ----- --------- --------- ------- -------    ------- -------    ------- -------    ----
   1 !  200.9   0.0   4.8e-62   7.9e-59      52     513 ..      36     504 ..      22     505 .. 0.82
   2 !   35.8   0.0   3.4e-12   5.6e-09     509     636 ..     580     706 ..     577     713 .. 0.84

>> IMG2540341062|2540520061|dcmb_4  
   #    score  bias  c-Evalue  i-Evalue hmmfrom  hmm to    alifrom  ali to    envfrom  env to     acc
 ---   ------ ----- --------- --------- ------- -------    ------- -------    ------- -------    ----
   1 !  237.3   0.0   4.8e-73   7.9e-70      27     636 ..      40     634 ..      12     641 .. 0.80

>> IMG646311953|646436154|Sthe_1166  
   #    score  bias  c-Evalue  i-Evalue hmmfrom  hmm to    alifrom  ali to    envfrom  env to     acc
 ---   ------ ----- --------- --------- ------- -------    ------- -------    ------- -------    ----
   1 !  237.2   0.0   5.1e-73   8.4e-70      51     620 ..      36     615 ..      13     636 .. 0.83

>> IMG646311953|646435049|Sthe_0083  
   #    score  bias  c-Evalue  i-Evalue hmmfrom  hmm to    alifrom  ali to    envfrom  env to     acc
 ---   ------ ----- --------- --------- ------- -------    ------- -------    ------- -------    ----
   1 !  217.5   0.0   4.6e-67   7.6e-64      51     636 ..      61     666 ..      40     673 .. 0.79

>> UBA5189|DHWF01000037.1|UBA5189_contig_1710_7  
   #    score  bias  c-Evalue  i-Evalue hmmfrom  hmm to    alifrom  ali to    envfrom  env to     acc
 ---   ------ ----- --------- --------- ------- -------    ------- -------    ------- -------    ----
   1 !  209.0   0.0   1.6e-64   2.7e-61      51     635 ..      62     655 ..      35     663 .. 0.83

>> UBA4669|DHLL01000012.1|UBA4669_contig_7072_8  
   #    score  bias  c-Evalue  i-Evalue hmmfrom  hmm to    alifrom  ali to    envfrom  env to     acc
 ---   ------ ----- --------- --------- ------- -------    ------- -------    ------- -------    ----
   1 !  197.5   0.0     5e-61   8.2e-58      52     567 ..      49     582 ..      32     595 .. 0.79
   2 ?    1.0   0.0      0.11   1.8e+02     577     635 ..     635     694 ..     625     701 .. 0.70

>> IMG2561511072|2561988072|N688DRAFT_2789  
   #    score  bias  c-Evalue  i-Evalue hmmfrom  hmm to    alifrom  ali to    envfrom  env to     acc
 ---   ------ ----- --------- --------- ------- -------    ------- -------    ------- -------    ----
   1 !  198.4   0.0   2.6e-61   4.3e-58      50     636 ..     107     717 ..      83     724 .. 0.81

>> IMG2140918011|2143742890|GAL35imgmDRAFT_00027540  
   #    score  bias  c-Evalue  i-Evalue hmmfrom  hmm to    alifrom  ali to    envfrom  env to     acc
 ---   ------ ----- --------- --------- ------- -------    ------- -------    ------- -------    ----
   1 !  198.3   0.0   2.8e-61   4.5e-58      51     634 ..      50     662 ..      23     671 .. 0.74

>> IMG2508501111|2509063288|Haur_04632  
   #    score  bias  c-Evalue  i-Evalue hmmfrom  hmm to    alifrom  ali to    envfrom  env to     acc
 ---   ------ ----- --------- --------- ------- -------    ------- -------    ------- -------    ----
   1 !  157.7   0.0   5.2e-49   8.5e-46      52     506 ..      38     499 ..      27     503 .. 0.81
   2 !   38.6   0.0   4.8e-13   7.9e-10     506     634 ..    1050    1178 ..    1046    1187 .. 0.82

>> IMG2510461066|2510826846|CCHmeta_01936  
   #    score  bias  c-Evalue  i-Evalue hmmfrom  hmm to    alifrom  ali to    envfrom  env to     acc
 ---   ------ ----- --------- --------- ------- -------    ------- -------    ------- -------    ----
   1 !  167.7   0.0     5e-52   8.2e-49     666    1106 ..      33     489 ..      10     496 .. 0.84

>> IMG646311962|646439609|Tter_1067  
   #    score  bias  c-Evalue  i-Evalue hmmfrom  hmm to    alifrom  ali to    envfrom  env to     acc
 ---   ------ ----- --------- --------- ------- -------    ------- -------    ------- -------    ----
   1 !  160.6   0.0   6.7e-50   1.1e-46     666    1107 ..      28     484 ..       8     492 .. 0.85

>> IMG2508501111|2509063559|Haur_04903  
   #    score  bias  c-Evalue  i-Evalue hmmfrom  hmm to    alifrom  ali to    envfrom  env to     acc
 ---   ------ ----- --------- --------- ------- -------    ------- -------    ------- -------    ----
   1 !  152.1   0.0   2.5e-47   4.2e-44     666    1106 ..      28     484 ..      10     492 .. 0.85

>> IMG2540341062|2540521571|dcmb_1516  
   #    score  bias  c-Evalue  i-Evalue hmmfrom  hmm to    alifrom  ali to    envfrom  env to     acc
 ---   ------ ----- --------- --------- ------- -------    ------- -------    ------- -------    ----
   1 !  141.6   0.0   3.9e-44   6.3e-41     655    1082 ..      16     452 ..       2     487 .. 0.78

>> IMG2561511072|2561985709|N688DRAFT_0426  
   #    score  bias  c-Evalue  i-Evalue hmmfrom  hmm to    alifrom  ali to    envfrom  env to     acc
 ---   ------ ----- --------- --------- ------- -------    ------- -------    ------- -------    ----
   1 !  141.4   0.0   4.3e-44   6.9e-41     647    1105 ..       9     483 ..       2     493 .. 0.79

>> UBA5189|DHWF01000037.1|UBA5189_contig_1710_4  
   #    score  bias  c-Evalue  i-Evalue hmmfrom  hmm to    alifrom  ali to    envfrom  env to     acc
 ---   ------ ----- --------- --------- ------- -------    ------- -------    ------- -------    ----
   1 !  139.3   0.0   1.8e-43     3e-40     648    1111 ..      11     503 ..       3     508 .. 0.82

>> IMG646311953|646436735|Sthe_1721  
   #    score  bias  c-Evalue  i-Evalue hmmfrom  hmm to    alifrom  ali to    envfrom  env to     acc
 ---   ------ ----- --------- --------- ------- -------    ------- -------    ------- -------    ----
   1 !  140.1   0.0     1e-43   1.7e-40     666    1082 ..      28     455 ..       5     486 .. 0.84

>> IMG2506520040|2506715674|ChY396_1410  
   #    score  bias  c-Evalue  i-Evalue hmmfrom  hmm to    alifrom  ali to    envfrom  env to     acc
 ---   ------ ----- --------- --------- ------- -------    ------- -------    ------- -------    ----
   1 !  137.8   0.0   5.2e-43   8.5e-40     666    1102 ..      28     480 ..       7     489 .. 0.82

>> UBA4733|DHIZ01000109.1|UBA4733_contig_38790_4  
   #    score  bias  c-Evalue  i-Evalue hmmfrom  hmm to    alifrom  ali to    envfrom  env to     acc
 ---   ------ ----- --------- --------- ------- -------    ------- -------    ------- -------    ----
   1 !  129.4   0.0   1.8e-40   2.9e-37     645    1107 ..       8     484 ..       2     493 .. 0.82

>> IMG646311953|646435047|Sthe_0081  
   #    score  bias  c-Evalue  i-Evalue hmmfrom  hmm to    alifrom  ali to    envfrom  env to     acc
 ---   ------ ----- --------- --------- ------- -------    ------- -------    ------- -------    ----
   1 !  120.5   0.0   9.2e-38   1.5e-34     649    1102 ..      18     492 ..       3     505 .. 0.78

>> IMG2510461066|2510824935|CCHmeta_00019  
   #    score  bias  c-Evalue  i-Evalue hmmfrom  hmm to    alifrom  ali to    envfrom  env to     acc
 ---   ------ ----- --------- --------- ------- -------    ------- -------    ------- -------    ----
   1 !  113.6   0.0     1e-35   1.7e-32     666     844 ..      33     212 ..       6     219 .. 0.90

>> UBA4669|DHLL01000012.1|UBA4669_contig_7072_10  
   #    score  bias  c-Evalue  i-Evalue hmmfrom  hmm to    alifrom  ali to    envfrom  env to     acc
 ---   ------ ----- --------- --------- ------- -------    ------- -------    ------- -------    ----
   1 !   28.9   0.0   4.2e-10   6.9e-07     666     747 ..      32     113 ..       9     119 .. 0.85
   2 !   69.9   1.8   1.7e-22   2.8e-19     783    1104 ..     729    1079 ..     715    1090 .. 0.78

>> IMG2561511072|2561988071|N688DRAFT_2788  
   #    score  bias  c-Evalue  i-Evalue hmmfrom  hmm to    alifrom  ali to    envfrom  env to     acc
 ---   ------ ----- --------- --------- ------- -------    ------- -------    ------- -------    ----
   1 !   86.4   0.0   1.8e-27     3e-24     666    1082 ..      47     479 ..      18     498 .. 0.82

>> IMG2140918011|2143741769|GAL35imgmDRAFT_00016310  
   #    score  bias  c-Evalue  i-Evalue hmmfrom  hmm to    alifrom  ali to    envfrom  env to     acc
 ---   ------ ----- --------- --------- ------- -------    ------- -------    ------- -------    ----
   1 !   86.1   0.0   2.1e-27   3.4e-24     666     830 ..       7     170 ..       4     171 .] 0.93

>> UBA5177|DHWR01000234.1|UBA5177_contig_7525_4  
   #    score  bias  c-Evalue  i-Evalue hmmfrom  hmm to    alifrom  ali to    envfrom  env to     acc
 ---   ------ ----- --------- --------- ------- -------    ------- -------    ------- -------    ----
   1 !   67.8   0.0   7.5e-22   1.2e-18     800    1106 ..      10     331 ..       1     340 [. 0.78

>> IMG2140918011|2143742943|GAL35imgmDRAFT_00028070  
   #    score  bias  c-Evalue  i-Evalue hmmfrom  hmm to    alifrom  ali to    envfrom  env to     acc
 ---   ------ ----- --------- --------- ------- -------    ------- -------    ------- -------    ----
   1 !   45.4   0.0   4.1e-15   6.7e-12     814    1102 ..       3     310 ..       1     322 [. 0.74



Internal pipeline statistics summary:
-------------------------------------
Query model(s):                            1  (1117 nodes)
Target sequences:                      49023  (15684068 residues searched)
Passed MSV filter:                       749  (0.0152785); expected 980.5 (0.02)
Passed bias filter:                      645  (0.0131571); expected 980.5 (0.02)
Passed Vit filter:                       106  (0.00216225); expected 49.0 (0.001)
Passed Fwd filter:                        32  (0.000652755); expected 0.5 (1e-05)
Initial search space (Z):              49023  [actual number of targets]
Domain search space  (domZ):              30  [number of targets reported over threshold]
# CPU time: 2.47u 0.15s 00:00:02.62 Elapsed: 00:00:00.31
# Mc/sec: 55520.09
//
Query:       GVOGm0760  [M=255]
Scores for complete sequences (score includes all domains):
   --- full sequence ---   --- best 1 domain ---    -#dom-
    E-value  score  bias    E-value  score  bias    exp  N  Sequence                            Description
    ------- ------ -----    ------- ------ -----   ---- --  --------                            -----------
    5.7e-11   43.5   2.4      0.021   15.4   0.1    5.1  7  IMG2508501111|2509061404|Haur_02748  


Domain annotation for each sequence:
>> IMG2508501111|2509061404|Haur_02748  
   #    score  bias  c-Evalue  i-Evalue hmmfrom  hmm to    alifrom  ali to    envfrom  env to     acc
 ---   ------ ----- --------- --------- ------- -------    ------- -------    ------- -------    ----
   1 ?   -3.9   0.0      0.34   1.7e+04      21      40 ..     547     566 ..     540     572 .. 0.80
   2 !   15.4   0.1   4.4e-07     0.021      77     164 ..     632     717 ..     614     727 .. 0.74
   3 ?   -3.2   0.0      0.22   1.1e+04      20      40 ..     922     942 ..     918     947 .. 0.86
   4 !   14.4   0.0   9.2e-07     0.045     100     168 ..    1369    1438 ..    1353    1444 .. 0.79
   5 ?   -3.1   0.0       0.2   9.8e+03      20      39 ..    1602    1621 ..    1598    1625 .. 0.85
   6 !    8.7   0.0   5.1e-05       2.5      99     167 ..    2057    2126 ..    2019    2133 .. 0.81
   7 ?   -2.0   0.0     0.091   4.5e+03       3      38 ..    2579    2612 ..    2577    2631 .. 0.77



Internal pipeline statistics summary:
-------------------------------------
Query model(s):                            1  (255 nodes)
Target sequences:                      49023  (15684068 residues searched)
Passed MSV filter:                      2257  (0.0460396); expected 980.5 (0.02)
Passed bias filter:                     2193  (0.0447341); expected 980.5 (0.02)
Passed Vit filter:                      1034  (0.0210921); expected 49.0 (0.001)
Passed Fwd filter:                       132  (0.00269261); expected 0.5 (1e-05)
Initial search space (Z):              49023  [actual number of targets]
Domain search space  (domZ):               1  [number of targets reported over threshold]
# CPU time: 2.28u 0.02s 00:00:02.29 Elapsed: 00:00:00.27
# Mc/sec: 14637.29
//
Query:       GVOGm0890  [M=152]
Scores for complete sequences (score includes all domains):
   --- full sequence ---   --- best 1 domain ---    -#dom-
    E-value  score  bias    E-value  score  bias    exp  N  Sequence Description
    ------- ------ -----    ------- ------ -----   ---- --  -------- -----------

   [No hits detected that satisfy reporting thresholds]


Domain annotation for each sequence:

   [No targets detected that satisfy reporting thresholds]


Internal pipeline statistics summary:
-------------------------------------
Query model(s):                            1  (152 nodes)
Target sequences:                      49023  (15684068 residues searched)
Passed MSV filter:                       596  (0.0121576); expected 980.5 (0.02)
Passed bias filter:                      546  (0.0111376); expected 980.5 (0.02)
Passed Vit filter:                        37  (0.000754748); expected 49.0 (0.001)
Passed Fwd filter:                         0  (0); expected 0.5 (1e-05)
Initial search space (Z):              49023  [actual number of targets]
Domain search space  (domZ):               0  [number of targets reported over threshold]
# CPU time: 0.20u 0.01s 00:00:00.21 Elapsed: 00:00:00.08
# Mc/sec: 27492.19
//
[ok]
python workflow/scripts/hmmsearch_count_filter.py example/nsgt_out/example--GVOG9-iqtree-perc7/analyses/reformatted_faa resources/models/GVOG9.hmm example/nsgt_out/example--GVOG9-iqtree-perc7/analyses/hmmout/GVOG9.out example/nsgt_out/example--GVOG9-iqtree-perc7/analyses/hmmout/GVOG9.counts example/nsgt_out/example--GVOG9-iqtree-perc7/analyses/hmmout/GVOG9.removedtaxa 0.7 4 0.3 example/nsgt_out/example--GVOG9-iqtree-perc7/itol/GVOG9.counts.itol.txt
mafft  --quiet --thread 4 example/nsgt_out/example--GVOG9-iqtree-perc7/analyses/hits_faa/GVOGm0022.faa > example/nsgt_out/example--GVOG9-iqtree-perc7/analyses/aligned/GVOGm0022.mafft
trimal -gt 0.1 -in example/nsgt_out/example--GVOG9-iqtree-perc7/analyses/aligned/GVOGm0022.mafft -out example/nsgt_out/example--GVOG9-iqtree-perc7/analyses/aligned_t/GVOGm0022.mafft_t

ERROR: Alignment not loaded: "example/nsgt_out/example--GVOG9-iqtree-perc7/analyses/aligned/GVOGm0022.mafft" Check the file's content.

mafft  --quiet --thread 4 example/nsgt_out/example--GVOG9-iqtree-perc7/analyses/hits_faa/GVOGm0461.faa > example/nsgt_out/example--GVOG9-iqtree-perc7/analyses/aligned/GVOGm0461.mafft
trimal -gt 0.1 -in example/nsgt_out/example--GVOG9-iqtree-perc7/analyses/aligned/GVOGm0461.mafft -out example/nsgt_out/example--GVOG9-iqtree-perc7/analyses/aligned_t/GVOGm0461.mafft_t

ERROR: Alignment not loaded: "example/nsgt_out/example--GVOG9-iqtree-perc7/analyses/aligned/GVOGm0461.mafft" Check the file's content.

mafft  --quiet --thread 4 example/nsgt_out/example--GVOG9-iqtree-perc7/analyses/hits_faa/GVOGm0023.faa > example/nsgt_out/example--GVOG9-iqtree-perc7/analyses/aligned/GVOGm0023.mafft
trimal -gt 0.1 -in example/nsgt_out/example--GVOG9-iqtree-perc7/analyses/aligned/GVOGm0023.mafft -out example/nsgt_out/example--GVOG9-iqtree-perc7/analyses/aligned_t/GVOGm0023.mafft_t

ERROR: Alignment not loaded: "example/nsgt_out/example--GVOG9-iqtree-perc7/analyses/aligned/GVOGm0023.mafft" Check the file's content.

mafft  --quiet --thread 4 example/nsgt_out/example--GVOG9-iqtree-perc7/analyses/hits_faa/GVOGm0172.faa > example/nsgt_out/example--GVOG9-iqtree-perc7/analyses/aligned/GVOGm0172.mafft
trimal -gt 0.1 -in example/nsgt_out/example--GVOG9-iqtree-perc7/analyses/aligned/GVOGm0172.mafft -out example/nsgt_out/example--GVOG9-iqtree-perc7/analyses/aligned_t/GVOGm0172.mafft_t

ERROR: Alignment not loaded: "example/nsgt_out/example--GVOG9-iqtree-perc7/analyses/aligned/GVOGm0172.mafft" Check the file's content.

mafft  --quiet --thread 4 example/nsgt_out/example--GVOG9-iqtree-perc7/analyses/hits_faa/GVOGm0760.faa > example/nsgt_out/example--GVOG9-iqtree-perc7/analyses/aligned/GVOGm0760.mafft
trimal -gt 0.1 -in example/nsgt_out/example--GVOG9-iqtree-perc7/analyses/aligned/GVOGm0760.mafft -out example/nsgt_out/example--GVOG9-iqtree-perc7/analyses/aligned_t/GVOGm0760.mafft_t

ERROR: Alignment not loaded: "example/nsgt_out/example--GVOG9-iqtree-perc7/analyses/aligned/GVOGm0760.mafft" Check the file's content.

mafft  --quiet --thread 4 example/nsgt_out/example--GVOG9-iqtree-perc7/analyses/hits_faa/GVOGm0054.faa > example/nsgt_out/example--GVOG9-iqtree-perc7/analyses/aligned/GVOGm0054.mafft
trimal -gt 0.1 -in example/nsgt_out/example--GVOG9-iqtree-perc7/analyses/aligned/GVOGm0054.mafft -out example/nsgt_out/example--GVOG9-iqtree-perc7/analyses/aligned_t/GVOGm0054.mafft_t

ERROR: Alignment not loaded: "example/nsgt_out/example--GVOG9-iqtree-perc7/analyses/aligned/GVOGm0054.mafft" Check the file's content.

mafft  --quiet --thread 4 example/nsgt_out/example--GVOG9-iqtree-perc7/analyses/hits_faa/GVOGm0003.faa > example/nsgt_out/example--GVOG9-iqtree-perc7/analyses/aligned/GVOGm0003.mafft
trimal -gt 0.1 -in example/nsgt_out/example--GVOG9-iqtree-perc7/analyses/aligned/GVOGm0003.mafft -out example/nsgt_out/example--GVOG9-iqtree-perc7/analyses/aligned_t/GVOGm0003.mafft_t

ERROR: Alignment not loaded: "example/nsgt_out/example--GVOG9-iqtree-perc7/analyses/aligned/GVOGm0003.mafft" Check the file's content.

mafft  --quiet --thread 4 example/nsgt_out/example--GVOG9-iqtree-perc7/analyses/hits_faa/GVOGm0890.faa > example/nsgt_out/example--GVOG9-iqtree-perc7/analyses/aligned/GVOGm0890.mafft
trimal -gt 0.1 -in example/nsgt_out/example--GVOG9-iqtree-perc7/analyses/aligned/GVOGm0890.mafft -out example/nsgt_out/example--GVOG9-iqtree-perc7/analyses/aligned_t/GVOGm0890.mafft_t

ERROR: Alignment not loaded: "example/nsgt_out/example--GVOG9-iqtree-perc7/analyses/aligned/GVOGm0890.mafft" Check the file's content.

mafft  --quiet --thread 4 example/nsgt_out/example--GVOG9-iqtree-perc7/analyses/hits_faa/GVOGm0013.faa > example/nsgt_out/example--GVOG9-iqtree-perc7/analyses/aligned/GVOGm0013.mafft
trimal -gt 0.1 -in example/nsgt_out/example--GVOG9-iqtree-perc7/analyses/aligned/GVOGm0013.mafft -out example/nsgt_out/example--GVOG9-iqtree-perc7/analyses/aligned_t/GVOGm0013.mafft_t

ERROR: Alignment not loaded: "example/nsgt_out/example--GVOG9-iqtree-perc7/analyses/aligned/GVOGm0013.mafft" Check the file's content.

iqtree --prefix example/nsgt_out/example--GVOG9-iqtree-perc7/analyses/proteintrees/iqtree/GVOGm0760 -m LG+F+I+G4 -T 1 -fast -s example/nsgt_out/example--GVOG9-iqtree-perc7/analyses/aligned_t/GVOGm0760.mafft_t
IQ-TREE multicore version 2.0.3 for Linux 64-bit built Dec 20 2020
Developed by Bui Quang Minh, Nguyen Lam Tung, Olga Chernomor,
Heiko Schmidt, Dominik Schrempf, Michael Woodhams.

Host:    frederik-precision7530 (AVX2, FMA3, 31 GB RAM)
Command: iqtree --prefix example/nsgt_out/example--GVOG9-iqtree-perc7/analyses/proteintrees/iqtree/GVOGm0760 -m LG+F+I+G4 -T 1 -fast -s example/nsgt_out/example--GVOG9-iqtree-perc7/analyses/aligned_t/GVOGm0760.mafft_t
Seed:    400926 (Using SPRNG - Scalable Parallel Random Number Generator)
Time:    Wed Aug 16 20:12:57 2023
Kernel:  AVX+FMA - 1 threads (12 CPU cores detected)

HINT: Use -nt option to specify number of threads because your CPU has 12 cores!
HINT: -nt AUTO will automatically determine the best number of threads to use.

Reading alignment file example/nsgt_out/example--GVOG9-iqtree-perc7/analyses/aligned_t/GVOGm0760.mafft_t ... ERROR: Cannot read file example/nsgt_out/example--GVOG9-iqtree-perc7/analyses/aligned_t/GVOGm0760.mafft_t
iqtree --prefix example/nsgt_out/example--GVOG9-iqtree-perc7/analyses/proteintrees/iqtree/GVOGm0172 -m LG+F+I+G4 -T 1 -fast -s example/nsgt_out/example--GVOG9-iqtree-perc7/analyses/aligned_t/GVOGm0172.mafft_t
IQ-TREE multicore version 2.0.3 for Linux 64-bit built Dec 20 2020
Developed by Bui Quang Minh, Nguyen Lam Tung, Olga Chernomor,
Heiko Schmidt, Dominik Schrempf, Michael Woodhams.

Host:    frederik-precision7530 (AVX2, FMA3, 31 GB RAM)
Command: iqtree --prefix example/nsgt_out/example--GVOG9-iqtree-perc7/analyses/proteintrees/iqtree/GVOGm0172 -m LG+F+I+G4 -T 1 -fast -s example/nsgt_out/example--GVOG9-iqtree-perc7/analyses/aligned_t/GVOGm0172.mafft_t
Seed:    432187 (Using SPRNG - Scalable Parallel Random Number Generator)
Time:    Wed Aug 16 20:12:57 2023
Kernel:  AVX+FMA - 1 threads (12 CPU cores detected)

HINT: Use -nt option to specify number of threads because your CPU has 12 cores!
HINT: -nt AUTO will automatically determine the best number of threads to use.

Reading alignment file example/nsgt_out/example--GVOG9-iqtree-perc7/analyses/aligned_t/GVOGm0172.mafft_t ... ERROR: Cannot read file example/nsgt_out/example--GVOG9-iqtree-perc7/analyses/aligned_t/GVOGm0172.mafft_t
iqtree --prefix example/nsgt_out/example--GVOG9-iqtree-perc7/analyses/proteintrees/iqtree/GVOGm0022 -m LG+F+I+G4 -T 1 -fast -s example/nsgt_out/example--GVOG9-iqtree-perc7/analyses/aligned_t/GVOGm0022.mafft_t
IQ-TREE multicore version 2.0.3 for Linux 64-bit built Dec 20 2020
Developed by Bui Quang Minh, Nguyen Lam Tung, Olga Chernomor,
Heiko Schmidt, Dominik Schrempf, Michael Woodhams.

Host:    frederik-precision7530 (AVX2, FMA3, 31 GB RAM)
Command: iqtree --prefix example/nsgt_out/example--GVOG9-iqtree-perc7/analyses/proteintrees/iqtree/GVOGm0022 -m LG+F+I+G4 -T 1 -fast -s example/nsgt_out/example--GVOG9-iqtree-perc7/analyses/aligned_t/GVOGm0022.mafft_t
Seed:    471434 (Using SPRNG - Scalable Parallel Random Number Generator)
Time:    Wed Aug 16 20:12:57 2023
Kernel:  AVX+FMA - 1 threads (12 CPU cores detected)

HINT: Use -nt option to specify number of threads because your CPU has 12 cores!
HINT: -nt AUTO will automatically determine the best number of threads to use.

Reading alignment file example/nsgt_out/example--GVOG9-iqtree-perc7/analyses/aligned_t/GVOGm0022.mafft_t ... ERROR: Cannot read file example/nsgt_out/example--GVOG9-iqtree-perc7/analyses/aligned_t/GVOGm0022.mafft_t
iqtree --prefix example/nsgt_out/example--GVOG9-iqtree-perc7/analyses/proteintrees/iqtree/GVOGm0023 -m LG+F+I+G4 -T 1 -fast -s example/nsgt_out/example--GVOG9-iqtree-perc7/analyses/aligned_t/GVOGm0023.mafft_t
IQ-TREE multicore version 2.0.3 for Linux 64-bit built Dec 20 2020
Developed by Bui Quang Minh, Nguyen Lam Tung, Olga Chernomor,
Heiko Schmidt, Dominik Schrempf, Michael Woodhams.

Host:    frederik-precision7530 (AVX2, FMA3, 31 GB RAM)
Command: iqtree --prefix example/nsgt_out/example--GVOG9-iqtree-perc7/analyses/proteintrees/iqtree/GVOGm0023 -m LG+F+I+G4 -T 1 -fast -s example/nsgt_out/example--GVOG9-iqtree-perc7/analyses/aligned_t/GVOGm0023.mafft_t
Seed:    481161 (Using SPRNG - Scalable Parallel Random Number Generator)
Time:    Wed Aug 16 20:12:57 2023
Kernel:  AVX+FMA - 1 threads (12 CPU cores detected)

HINT: Use -nt option to specify number of threads because your CPU has 12 cores!
HINT: -nt AUTO will automatically determine the best number of threads to use.

Reading alignment file example/nsgt_out/example--GVOG9-iqtree-perc7/analyses/aligned_t/GVOGm0023.mafft_t ... ERROR: Cannot read file example/nsgt_out/example--GVOG9-iqtree-perc7/analyses/aligned_t/GVOGm0023.mafft_t
iqtree --prefix example/nsgt_out/example--GVOG9-iqtree-perc7/analyses/proteintrees/iqtree/GVOGm0461 -m LG+F+I+G4 -T 1 -fast -s example/nsgt_out/example--GVOG9-iqtree-perc7/analyses/aligned_t/GVOGm0461.mafft_t
IQ-TREE multicore version 2.0.3 for Linux 64-bit built Dec 20 2020
Developed by Bui Quang Minh, Nguyen Lam Tung, Olga Chernomor,
Heiko Schmidt, Dominik Schrempf, Michael Woodhams.

Host:    frederik-precision7530 (AVX2, FMA3, 31 GB RAM)
Command: iqtree --prefix example/nsgt_out/example--GVOG9-iqtree-perc7/analyses/proteintrees/iqtree/GVOGm0461 -m LG+F+I+G4 -T 1 -fast -s example/nsgt_out/example--GVOG9-iqtree-perc7/analyses/aligned_t/GVOGm0461.mafft_t
Seed:    501444 (Using SPRNG - Scalable Parallel Random Number Generator)
Time:    Wed Aug 16 20:12:57 2023
Kernel:  AVX+FMA - 1 threads (12 CPU cores detected)

HINT: Use -nt option to specify number of threads because your CPU has 12 cores!
HINT: -nt AUTO will automatically determine the best number of threads to use.

Reading alignment file example/nsgt_out/example--GVOG9-iqtree-perc7/analyses/aligned_t/GVOGm0461.mafft_t ... ERROR: Cannot read file example/nsgt_out/example--GVOG9-iqtree-perc7/analyses/aligned_t/GVOGm0461.mafft_t
iqtree --prefix example/nsgt_out/example--GVOG9-iqtree-perc7/analyses/proteintrees/iqtree/GVOGm0054 -m LG+F+I+G4 -T 1 -fast -s example/nsgt_out/example--GVOG9-iqtree-perc7/analyses/aligned_t/GVOGm0054.mafft_t
IQ-TREE multicore version 2.0.3 for Linux 64-bit built Dec 20 2020
Developed by Bui Quang Minh, Nguyen Lam Tung, Olga Chernomor,
Heiko Schmidt, Dominik Schrempf, Michael Woodhams.

Host:    frederik-precision7530 (AVX2, FMA3, 31 GB RAM)
Command: iqtree --prefix example/nsgt_out/example--GVOG9-iqtree-perc7/analyses/proteintrees/iqtree/GVOGm0054 -m LG+F+I+G4 -T 1 -fast -s example/nsgt_out/example--GVOG9-iqtree-perc7/analyses/aligned_t/GVOGm0054.mafft_t
Seed:    517894 (Using SPRNG - Scalable Parallel Random Number Generator)
Time:    Wed Aug 16 20:12:57 2023
Kernel:  AVX+FMA - 1 threads (12 CPU cores detected)

HINT: Use -nt option to specify number of threads because your CPU has 12 cores!
HINT: -nt AUTO will automatically determine the best number of threads to use.

Reading alignment file example/nsgt_out/example--GVOG9-iqtree-perc7/analyses/aligned_t/GVOGm0054.mafft_t ... ERROR: Cannot read file example/nsgt_out/example--GVOG9-iqtree-perc7/analyses/aligned_t/GVOGm0054.mafft_t
iqtree --prefix example/nsgt_out/example--GVOG9-iqtree-perc7/analyses/proteintrees/iqtree/GVOGm0013 -m LG+F+I+G4 -T 1 -fast -s example/nsgt_out/example--GVOG9-iqtree-perc7/analyses/aligned_t/GVOGm0013.mafft_t
IQ-TREE multicore version 2.0.3 for Linux 64-bit built Dec 20 2020
Developed by Bui Quang Minh, Nguyen Lam Tung, Olga Chernomor,
Heiko Schmidt, Dominik Schrempf, Michael Woodhams.

Host:    frederik-precision7530 (AVX2, FMA3, 31 GB RAM)
Command: iqtree --prefix example/nsgt_out/example--GVOG9-iqtree-perc7/analyses/proteintrees/iqtree/GVOGm0013 -m LG+F+I+G4 -T 1 -fast -s example/nsgt_out/example--GVOG9-iqtree-perc7/analyses/aligned_t/GVOGm0013.mafft_t
Seed:    532659 (Using SPRNG - Scalable Parallel Random Number Generator)
Time:    Wed Aug 16 20:12:57 2023
Kernel:  AVX+FMA - 1 threads (12 CPU cores detected)

HINT: Use -nt option to specify number of threads because your CPU has 12 cores!
HINT: -nt AUTO will automatically determine the best number of threads to use.

Reading alignment file example/nsgt_out/example--GVOG9-iqtree-perc7/analyses/aligned_t/GVOGm0013.mafft_t ... ERROR: Cannot read file example/nsgt_out/example--GVOG9-iqtree-perc7/analyses/aligned_t/GVOGm0013.mafft_t
iqtree --prefix example/nsgt_out/example--GVOG9-iqtree-perc7/analyses/proteintrees/iqtree/GVOGm0890 -m LG+F+I+G4 -T 1 -fast -s example/nsgt_out/example--GVOG9-iqtree-perc7/analyses/aligned_t/GVOGm0890.mafft_t
IQ-TREE multicore version 2.0.3 for Linux 64-bit built Dec 20 2020
Developed by Bui Quang Minh, Nguyen Lam Tung, Olga Chernomor,
Heiko Schmidt, Dominik Schrempf, Michael Woodhams.

Host:    frederik-precision7530 (AVX2, FMA3, 31 GB RAM)
Command: iqtree --prefix example/nsgt_out/example--GVOG9-iqtree-perc7/analyses/proteintrees/iqtree/GVOGm0890 -m LG+F+I+G4 -T 1 -fast -s example/nsgt_out/example--GVOG9-iqtree-perc7/analyses/aligned_t/GVOGm0890.mafft_t
Seed:    543305 (Using SPRNG - Scalable Parallel Random Number Generator)
Time:    Wed Aug 16 20:12:57 2023
Kernel:  AVX+FMA - 1 threads (12 CPU cores detected)

HINT: Use -nt option to specify number of threads because your CPU has 12 cores!
HINT: -nt AUTO will automatically determine the best number of threads to use.

Reading alignment file example/nsgt_out/example--GVOG9-iqtree-perc7/analyses/aligned_t/GVOGm0890.mafft_t ... ERROR: Cannot read file example/nsgt_out/example--GVOG9-iqtree-perc7/analyses/aligned_t/GVOGm0890.mafft_t
iqtree --prefix example/nsgt_out/example--GVOG9-iqtree-perc7/analyses/proteintrees/iqtree/GVOGm0003 -m LG+F+I+G4 -T 1 -fast -s example/nsgt_out/example--GVOG9-iqtree-perc7/analyses/aligned_t/GVOGm0003.mafft_t
IQ-TREE multicore version 2.0.3 for Linux 64-bit built Dec 20 2020
Developed by Bui Quang Minh, Nguyen Lam Tung, Olga Chernomor,
Heiko Schmidt, Dominik Schrempf, Michael Woodhams.

Host:    frederik-precision7530 (AVX2, FMA3, 31 GB RAM)
Command: iqtree --prefix example/nsgt_out/example--GVOG9-iqtree-perc7/analyses/proteintrees/iqtree/GVOGm0003 -m LG+F+I+G4 -T 1 -fast -s example/nsgt_out/example--GVOG9-iqtree-perc7/analyses/aligned_t/GVOGm0003.mafft_t
Seed:    547257 (Using SPRNG - Scalable Parallel Random Number Generator)
Time:    Wed Aug 16 20:12:57 2023
Kernel:  AVX+FMA - 1 threads (12 CPU cores detected)

HINT: Use -nt option to specify number of threads because your CPU has 12 cores!
HINT: -nt AUTO will automatically determine the best number of threads to use.

Reading alignment file example/nsgt_out/example--GVOG9-iqtree-perc7/analyses/aligned_t/GVOGm0003.mafft_t ... ERROR: Cannot read file example/nsgt_out/example--GVOG9-iqtree-perc7/analyses/aligned_t/GVOGm0003.mafft_t
